The target system is: Android - 1 - aarch64
The host system is: Windows - 10.0.17763 - AMD64
Determining if the C compiler works passed with the following output:
Change Dir: C:/zip/build/arm64-v8a/CMakeFiles/CMakeTmp

Run Build Command:"C:/PROGRA~1/ninja/ninja.exe" "cmTC_2712c"
[1/2] Building C object CMakeFiles/cmTC_2712c.dir/testCCompiler.c.o
[2/2] Linking C executable cmTC_2712c


Detecting C compiler ABI info compiled with the following output:
Change Dir: C:/zip/build/arm64-v8a/CMakeFiles/CMakeTmp

Run Build Command:"C:/PROGRA~1/ninja/ninja.exe" "cmTC_64cb9"
[1/2] Building C object CMakeFiles/cmTC_64cb9.dir/CMakeCCompilerABI.c.o
[2/2] Linking C executable cmTC_64cb9
Android (5220042 based on r346389c) clang version 8.0.7 (https://android.googlesource.com/toolchain/clang b55f2d4ebfd35bf643d27dbca1bb228957008617) (https://android.googlesource.com/toolchain/llvm 3c393fe7a7e13b0fba4ac75a01aa683d7a5b11cd) (based on LLVM 8.0.7svn)
Target: aarch64-none-linux-android23
Thread model: posix
InstalledDir: C:\Users\work\AppData\Local\Android\Sdk\ndk\20.0.5594570\toolchains\llvm\prebuilt\windows-x86_64\bin
Found candidate GCC installation: C:/Users/work/AppData/Local/Android/Sdk/ndk/20.0.5594570/toolchains/llvm/prebuilt/windows-x86_64/lib/gcc/aarch64-linux-android\4.9.x
Selected GCC installation: C:/Users/work/AppData/Local/Android/Sdk/ndk/20.0.5594570/toolchains/llvm/prebuilt/windows-x86_64/lib/gcc/aarch64-linux-android/4.9.x
Candidate multilib: .;@m64
Selected multilib: .;@m64
Found CUDA installation: C:\Program Files\NVIDIA GPU Computing Toolkit\CUDA\v10.0, version 10.0
 "C:/Users/work/AppData/Local/Android/Sdk/ndk/20.0.5594570/toolchains/llvm/prebuilt/windows-x86_64/lib/gcc/aarch64-linux-android/4.9.x/../../../../aarch64-linux-android/bin\\ld" --sysroot=C:/Users/work/AppData/Local/Android/Sdk/ndk/20.0.5594570/toolchains/llvm/prebuilt/windows-x86_64/sysroot -pie -EL --fix-cortex-a53-843419 -z now -z relro --hash-style=gnu --enable-new-dtags --eh-frame-hdr -m aarch64linux -dynamic-linker /system/bin/linker64 -o cmTC_64cb9 "C:/Users/work/AppData/Local/Android/Sdk/ndk/20.0.5594570/toolchains/llvm/prebuilt/windows-x86_64/sysroot/usr/lib/aarch64-linux-android/23\\crtbegin_dynamic.o" "-LC:\\Users\\work\\AppData\\Local\\Android\\Sdk\\ndk\\20.0.5594570\\toolchains\\llvm\\prebuilt\\windows-x86_64\\lib64\\clang\\8.0.7\\lib\\linux\\aarch64" -LC:/Users/work/AppData/Local/Android/Sdk/ndk/20.0.5594570/toolchains/llvm/prebuilt/windows-x86_64/lib/gcc/aarch64-linux-android/4.9.x -LC:/Users/work/AppData/Local/Android/Sdk/ndk/20.0.5594570/toolchains/llvm/prebuilt/windows-x86_64/lib/gcc/aarch64-linux-android/4.9.x/../../../../aarch64-linux-android/lib/../lib64 -LC:/Users/work/AppData/Local/Android/Sdk/ndk/20.0.5594570/toolchains/llvm/prebuilt/windows-x86_64/sysroot/usr/lib/aarch64-linux-android/23 -LC:/Users/work/AppData/Local/Android/Sdk/ndk/20.0.5594570/toolchains/llvm/prebuilt/windows-x86_64/sysroot/usr/lib/aarch64-linux-android -LC:/Users/work/AppData/Local/Android/Sdk/ndk/20.0.5594570/toolchains/llvm/prebuilt/windows-x86_64/lib/gcc/aarch64-linux-android/4.9.x/../../../../aarch64-linux-android/lib -LC:/Users/work/AppData/Local/Android/Sdk/ndk/20.0.5594570/toolchains/llvm/prebuilt/windows-x86_64/sysroot/usr/lib --exclude-libs libgcc.a --exclude-libs libatomic.a --build-id --warn-shared-textrel --fatal-warnings --no-undefined -z noexecstack --gc-sections CMakeFiles/cmTC_64cb9.dir/CMakeCCompilerABI.c.o -lgcc -ldl -lc -lgcc -ldl "C:/Users/work/AppData/Local/Android/Sdk/ndk/20.0.5594570/toolchains/llvm/prebuilt/windows-x86_64/sysroot/usr/lib/aarch64-linux-android/23\\crtend_android.o"


Parsed C implicit link information from above output:
  link line regex: [^( *|.*[/\])(aarch64-linux-android-ld\.exe|CMAKE_LINK_STARTFILE-NOTFOUND|([^/\]+-)?ld|collect2)[^/\]*( |$)]
  ignore line: [Change Dir: C:/zip/build/arm64-v8a/CMakeFiles/CMakeTmp]
  ignore line: []
  ignore line: [Run Build Command:"C:/PROGRA~1/ninja/ninja.exe" "cmTC_64cb9"]
  ignore line: [[1/2] Building C object CMakeFiles/cmTC_64cb9.dir/CMakeCCompilerABI.c.o]
  ignore line: [[2/2] Linking C executable cmTC_64cb9]
  ignore line: [Android (5220042 based on r346389c) clang version 8.0.7 (https://android.googlesource.com/toolchain/clang b55f2d4ebfd35bf643d27dbca1bb228957008617) (https://android.googlesource.com/toolchain/llvm 3c393fe7a7e13b0fba4ac75a01aa683d7a5b11cd) (based on LLVM 8.0.7svn)]
  ignore line: [Target: aarch64-none-linux-android23]
  ignore line: [Thread model: posix]
  ignore line: [InstalledDir: C:\Users\work\AppData\Local\Android\Sdk\ndk\20.0.5594570\toolchains\llvm\prebuilt\windows-x86_64\bin]
  ignore line: [Found candidate GCC installation: C:/Users/work/AppData/Local/Android/Sdk/ndk/20.0.5594570/toolchains/llvm/prebuilt/windows-x86_64/lib/gcc/aarch64-linux-android\4.9.x]
  ignore line: [Selected GCC installation: C:/Users/work/AppData/Local/Android/Sdk/ndk/20.0.5594570/toolchains/llvm/prebuilt/windows-x86_64/lib/gcc/aarch64-linux-android/4.9.x]
  ignore line: [Candidate multilib: .]
  ignore line: [@m64]
  ignore line: [Selected multilib: .]
  ignore line: [@m64]
  ignore line: [Found CUDA installation: C:\Program Files\NVIDIA GPU Computing Toolkit\CUDA\v10.0, version 10.0]
  link line: [ "C:/Users/work/AppData/Local/Android/Sdk/ndk/20.0.5594570/toolchains/llvm/prebuilt/windows-x86_64/lib/gcc/aarch64-linux-android/4.9.x/../../../../aarch64-linux-android/bin\\ld" --sysroot=C:/Users/work/AppData/Local/Android/Sdk/ndk/20.0.5594570/toolchains/llvm/prebuilt/windows-x86_64/sysroot -pie -EL --fix-cortex-a53-843419 -z now -z relro --hash-style=gnu --enable-new-dtags --eh-frame-hdr -m aarch64linux -dynamic-linker /system/bin/linker64 -o cmTC_64cb9 "C:/Users/work/AppData/Local/Android/Sdk/ndk/20.0.5594570/toolchains/llvm/prebuilt/windows-x86_64/sysroot/usr/lib/aarch64-linux-android/23\\crtbegin_dynamic.o" "-LC:\\Users\\work\\AppData\\Local\\Android\\Sdk\\ndk\\20.0.5594570\\toolchains\\llvm\\prebuilt\\windows-x86_64\\lib64\\clang\\8.0.7\\lib\\linux\\aarch64" -LC:/Users/work/AppData/Local/Android/Sdk/ndk/20.0.5594570/toolchains/llvm/prebuilt/windows-x86_64/lib/gcc/aarch64-linux-android/4.9.x -LC:/Users/work/AppData/Local/Android/Sdk/ndk/20.0.5594570/toolchains/llvm/prebuilt/windows-x86_64/lib/gcc/aarch64-linux-android/4.9.x/../../../../aarch64-linux-android/lib/../lib64 -LC:/Users/work/AppData/Local/Android/Sdk/ndk/20.0.5594570/toolchains/llvm/prebuilt/windows-x86_64/sysroot/usr/lib/aarch64-linux-android/23 -LC:/Users/work/AppData/Local/Android/Sdk/ndk/20.0.5594570/toolchains/llvm/prebuilt/windows-x86_64/sysroot/usr/lib/aarch64-linux-android -LC:/Users/work/AppData/Local/Android/Sdk/ndk/20.0.5594570/toolchains/llvm/prebuilt/windows-x86_64/lib/gcc/aarch64-linux-android/4.9.x/../../../../aarch64-linux-android/lib -LC:/Users/work/AppData/Local/Android/Sdk/ndk/20.0.5594570/toolchains/llvm/prebuilt/windows-x86_64/sysroot/usr/lib --exclude-libs libgcc.a --exclude-libs libatomic.a --build-id --warn-shared-textrel --fatal-warnings --no-undefined -z noexecstack --gc-sections CMakeFiles/cmTC_64cb9.dir/CMakeCCompilerABI.c.o -lgcc -ldl -lc -lgcc -ldl "C:/Users/work/AppData/Local/Android/Sdk/ndk/20.0.5594570/toolchains/llvm/prebuilt/windows-x86_64/sysroot/usr/lib/aarch64-linux-android/23\\crtend_android.o"]
    arg [C:/Users/work/AppData/Local/Android/Sdk/ndk/20.0.5594570/toolchains/llvm/prebuilt/windows-x86_64/lib/gcc/aarch64-linux-android/4.9.x/../../../../aarch64-linux-android/bin\\ld] ==> ignore
    arg [--sysroot=C:/Users/work/AppData/Local/Android/Sdk/ndk/20.0.5594570/toolchains/llvm/prebuilt/windows-x86_64/sysroot] ==> ignore
    arg [-pie] ==> ignore
    arg [-EL] ==> ignore
    arg [--fix-cortex-a53-843419] ==> ignore
    arg [-znow] ==> ignore
    arg [-zrelro] ==> ignore
    arg [--hash-style=gnu] ==> ignore
    arg [--enable-new-dtags] ==> ignore
    arg [--eh-frame-hdr] ==> ignore
    arg [-m] ==> ignore
    arg [aarch64linux] ==> ignore
    arg [-dynamic-linker] ==> ignore
    arg [/system/bin/linker64] ==> ignore
    arg [-o] ==> ignore
    arg [cmTC_64cb9] ==> ignore
    arg [C:/Users/work/AppData/Local/Android/Sdk/ndk/20.0.5594570/toolchains/llvm/prebuilt/windows-x86_64/sysroot/usr/lib/aarch64-linux-android/23\\crtbegin_dynamic.o] ==> ignore
    arg [-LC:\\Users\\work\\AppData\\Local\\Android\\Sdk\\ndk\\20.0.5594570\\toolchains\\llvm\\prebuilt\\windows-x86_64\\lib64\\clang\\8.0.7\\lib\\linux\\aarch64] ==> dir [C:\\Users\\work\\AppData\\Local\\Android\\Sdk\\ndk\\20.0.5594570\\toolchains\\llvm\\prebuilt\\windows-x86_64\\lib64\\clang\\8.0.7\\lib\\linux\\aarch64]
    arg [-LC:/Users/work/AppData/Local/Android/Sdk/ndk/20.0.5594570/toolchains/llvm/prebuilt/windows-x86_64/lib/gcc/aarch64-linux-android/4.9.x] ==> dir [C:/Users/work/AppData/Local/Android/Sdk/ndk/20.0.5594570/toolchains/llvm/prebuilt/windows-x86_64/lib/gcc/aarch64-linux-android/4.9.x]
    arg [-LC:/Users/work/AppData/Local/Android/Sdk/ndk/20.0.5594570/toolchains/llvm/prebuilt/windows-x86_64/lib/gcc/aarch64-linux-android/4.9.x/../../../../aarch64-linux-android/lib/../lib64] ==> dir [C:/Users/work/AppData/Local/Android/Sdk/ndk/20.0.5594570/toolchains/llvm/prebuilt/windows-x86_64/lib/gcc/aarch64-linux-android/4.9.x/../../../../aarch64-linux-android/lib/../lib64]
    arg [-LC:/Users/work/AppData/Local/Android/Sdk/ndk/20.0.5594570/toolchains/llvm/prebuilt/windows-x86_64/sysroot/usr/lib/aarch64-linux-android/23] ==> dir [C:/Users/work/AppData/Local/Android/Sdk/ndk/20.0.5594570/toolchains/llvm/prebuilt/windows-x86_64/sysroot/usr/lib/aarch64-linux-android/23]
    arg [-LC:/Users/work/AppData/Local/Android/Sdk/ndk/20.0.5594570/toolchains/llvm/prebuilt/windows-x86_64/sysroot/usr/lib/aarch64-linux-android] ==> dir [C:/Users/work/AppData/Local/Android/Sdk/ndk/20.0.5594570/toolchains/llvm/prebuilt/windows-x86_64/sysroot/usr/lib/aarch64-linux-android]
    arg [-LC:/Users/work/AppData/Local/Android/Sdk/ndk/20.0.5594570/toolchains/llvm/prebuilt/windows-x86_64/lib/gcc/aarch64-linux-android/4.9.x/../../../../aarch64-linux-android/lib] ==> dir [C:/Users/work/AppData/Local/Android/Sdk/ndk/20.0.5594570/toolchains/llvm/prebuilt/windows-x86_64/lib/gcc/aarch64-linux-android/4.9.x/../../../../aarch64-linux-android/lib]
    arg [-LC:/Users/work/AppData/Local/Android/Sdk/ndk/20.0.5594570/toolchains/llvm/prebuilt/windows-x86_64/sysroot/usr/lib] ==> dir [C:/Users/work/AppData/Local/Android/Sdk/ndk/20.0.5594570/toolchains/llvm/prebuilt/windows-x86_64/sysroot/usr/lib]
    arg [--exclude-libs] ==> ignore
    arg [libgcc.a] ==> ignore
    arg [--exclude-libs] ==> ignore
    arg [libatomic.a] ==> ignore
    arg [--build-id] ==> ignore
    arg [--warn-shared-textrel] ==> ignore
    arg [--fatal-warnings] ==> ignore
    arg [--no-undefined] ==> ignore
    arg [-znoexecstack] ==> ignore
    arg [--gc-sections] ==> ignore
    arg [CMakeFiles/cmTC_64cb9.dir/CMakeCCompilerABI.c.o] ==> ignore
    arg [-lgcc] ==> lib [gcc]
    arg [-ldl] ==> lib [dl]
    arg [-lc] ==> lib [c]
    arg [-lgcc] ==> lib [gcc]
    arg [-ldl] ==> lib [dl]
    arg [C:/Users/work/AppData/Local/Android/Sdk/ndk/20.0.5594570/toolchains/llvm/prebuilt/windows-x86_64/sysroot/usr/lib/aarch64-linux-android/23\\crtend_android.o] ==> ignore
  collapse library dir [C:\\Users\\work\\AppData\\Local\\Android\\Sdk\\ndk\\20.0.5594570\\toolchains\\llvm\\prebuilt\\windows-x86_64\\lib64\\clang\\8.0.7\\lib\\linux\\aarch64] ==> [C:/Users/work/AppData/Local/Android/Sdk/ndk/20.0.5594570/toolchains/llvm/prebuilt/windows-x86_64/lib64/clang/8.0.7/lib/linux/aarch64]
  collapse library dir [C:/Users/work/AppData/Local/Android/Sdk/ndk/20.0.5594570/toolchains/llvm/prebuilt/windows-x86_64/lib/gcc/aarch64-linux-android/4.9.x] ==> [C:/Users/work/AppData/Local/Android/Sdk/ndk/20.0.5594570/toolchains/llvm/prebuilt/windows-x86_64/lib/gcc/aarch64-linux-android/4.9.x]
  collapse library dir [C:/Users/work/AppData/Local/Android/Sdk/ndk/20.0.5594570/toolchains/llvm/prebuilt/windows-x86_64/lib/gcc/aarch64-linux-android/4.9.x/../../../../aarch64-linux-android/lib/../lib64] ==> [C:/Users/work/AppData/Local/Android/Sdk/ndk/20.0.5594570/toolchains/llvm/prebuilt/windows-x86_64/aarch64-linux-android/lib64]
  collapse library dir [C:/Users/work/AppData/Local/Android/Sdk/ndk/20.0.5594570/toolchains/llvm/prebuilt/windows-x86_64/sysroot/usr/lib/aarch64-linux-android/23] ==> [C:/Users/work/AppData/Local/Android/Sdk/ndk/20.0.5594570/toolchains/llvm/prebuilt/windows-x86_64/sysroot/usr/lib/aarch64-linux-android/23]
  collapse library dir [C:/Users/work/AppData/Local/Android/Sdk/ndk/20.0.5594570/toolchains/llvm/prebuilt/windows-x86_64/sysroot/usr/lib/aarch64-linux-android] ==> [C:/Users/work/AppData/Local/Android/Sdk/ndk/20.0.5594570/toolchains/llvm/prebuilt/windows-x86_64/sysroot/usr/lib/aarch64-linux-android]
  collapse library dir [C:/Users/work/AppData/Local/Android/Sdk/ndk/20.0.5594570/toolchains/llvm/prebuilt/windows-x86_64/lib/gcc/aarch64-linux-android/4.9.x/../../../../aarch64-linux-android/lib] ==> [C:/Users/work/AppData/Local/Android/Sdk/ndk/20.0.5594570/toolchains/llvm/prebuilt/windows-x86_64/aarch64-linux-android/lib]
  collapse library dir [C:/Users/work/AppData/Local/Android/Sdk/ndk/20.0.5594570/toolchains/llvm/prebuilt/windows-x86_64/sysroot/usr/lib] ==> [C:/Users/work/AppData/Local/Android/Sdk/ndk/20.0.5594570/toolchains/llvm/prebuilt/windows-x86_64/sysroot/usr/lib]
  implicit libs: [gcc;dl;c;gcc;dl]
  implicit dirs: [C:/Users/work/AppData/Local/Android/Sdk/ndk/20.0.5594570/toolchains/llvm/prebuilt/windows-x86_64/lib64/clang/8.0.7/lib/linux/aarch64;C:/Users/work/AppData/Local/Android/Sdk/ndk/20.0.5594570/toolchains/llvm/prebuilt/windows-x86_64/lib/gcc/aarch64-linux-android/4.9.x;C:/Users/work/AppData/Local/Android/Sdk/ndk/20.0.5594570/toolchains/llvm/prebuilt/windows-x86_64/aarch64-linux-android/lib64;C:/Users/work/AppData/Local/Android/Sdk/ndk/20.0.5594570/toolchains/llvm/prebuilt/windows-x86_64/sysroot/usr/lib/aarch64-linux-android/23;C:/Users/work/AppData/Local/Android/Sdk/ndk/20.0.5594570/toolchains/llvm/prebuilt/windows-x86_64/sysroot/usr/lib/aarch64-linux-android;C:/Users/work/AppData/Local/Android/Sdk/ndk/20.0.5594570/toolchains/llvm/prebuilt/windows-x86_64/aarch64-linux-android/lib;C:/Users/work/AppData/Local/Android/Sdk/ndk/20.0.5594570/toolchains/llvm/prebuilt/windows-x86_64/sysroot/usr/lib]
  implicit fwks: []




Detecting C [-std=c11] compiler features compiled with the following output:
Change Dir: C:/zip/build/arm64-v8a/CMakeFiles/CMakeTmp

Run Build Command:"C:/PROGRA~1/ninja/ninja.exe" "cmTC_1963a"
[1/2] Building C object CMakeFiles/cmTC_1963a.dir/feature_tests.c.o
[2/2] Linking C executable cmTC_1963a


    Feature record: C_FEATURE:1c_function_prototypes
    Feature record: C_FEATURE:1c_restrict
    Feature record: C_FEATURE:1c_static_assert
    Feature record: C_FEATURE:1c_variadic_macros


Detecting C [-std=c99] compiler features compiled with the following output:
Change Dir: C:/zip/build/arm64-v8a/CMakeFiles/CMakeTmp

Run Build Command:"C:/PROGRA~1/ninja/ninja.exe" "cmTC_fba19"
[1/2] Building C object CMakeFiles/cmTC_fba19.dir/feature_tests.c.o
[2/2] Linking C executable cmTC_fba19


    Feature record: C_FEATURE:1c_function_prototypes
    Feature record: C_FEATURE:1c_restrict
    Feature record: C_FEATURE:0c_static_assert
    Feature record: C_FEATURE:1c_variadic_macros


Detecting C [-std=c90] compiler features compiled with the following output:
Change Dir: C:/zip/build/arm64-v8a/CMakeFiles/CMakeTmp

Run Build Command:"C:/PROGRA~1/ninja/ninja.exe" "cmTC_84897"
[1/2] Building C object CMakeFiles/cmTC_84897.dir/feature_tests.c.o
[2/2] Linking C executable cmTC_84897


    Feature record: C_FEATURE:1c_function_prototypes
    Feature record: C_FEATURE:0c_restrict
    Feature record: C_FEATURE:0c_static_assert
    Feature record: C_FEATURE:0c_variadic_macros
